[0.295s] Invoking command in '/home/tingjia/workspace/src/ws_moveit/src/launch_param_builder': PYTHONPATH=/home/tingjia/workspace/src/ws_moveit/build/launch_param_builder/prefix_override:/usr/lib/python3/dist-packages/colcon_core/task/python/colcon_distutils_commands:/home/tingjia/workspace/src/ws_moveit/install/launch_param_builder/lib/python3.10/site-packages:${PYTHONPATH} /usr/bin/python3 -W ignore:setup.py install is deprecated -W ignore:easy_install command is deprecated setup.py egg_info --egg-base ../../build/launch_param_builder build --build-base /home/tingjia/workspace/src/ws_moveit/build/launch_param_builder/build install --record /home/tingjia/workspace/src/ws_moveit/build/launch_param_builder/install.log --single-version-externally-managed install_data
[0.405s] running egg_info
[0.406s] creating ../../build/launch_param_builder/launch_param_builder.egg-info
[0.406s] writing ../../build/launch_param_builder/launch_param_builder.egg-info/PKG-INFO
[0.406s] writing dependency_links to ../../build/launch_param_builder/launch_param_builder.egg-info/dependency_links.txt
[0.406s] writing entry points to ../../build/launch_param_builder/launch_param_builder.egg-info/entry_points.txt
[0.406s] writing requirements to ../../build/launch_param_builder/launch_param_builder.egg-info/requires.txt
[0.406s] writing top-level names to ../../build/launch_param_builder/launch_param_builder.egg-info/top_level.txt
[0.406s] writing manifest file '../../build/launch_param_builder/launch_param_builder.egg-info/SOURCES.txt'
[0.407s] reading manifest file '../../build/launch_param_builder/launch_param_builder.egg-info/SOURCES.txt'
[0.407s] adding license file 'LICENSE'
[0.407s] writing manifest file '../../build/launch_param_builder/launch_param_builder.egg-info/SOURCES.txt'
[0.407s] running build
[0.407s] running build_py
[0.407s] creating /home/tingjia/workspace/src/ws_moveit/build/launch_param_builder/build
[0.407s] creating /home/tingjia/workspace/src/ws_moveit/build/launch_param_builder/build/lib
[0.407s] creating /home/tingjia/workspace/src/ws_moveit/build/launch_param_builder/build/lib/launch_param_builder
[0.407s] copying launch_param_builder/launch_param_builder.py -> /home/tingjia/workspace/src/ws_moveit/build/launch_param_builder/build/lib/launch_param_builder
[0.407s] copying launch_param_builder/__init__.py -> /home/tingjia/workspace/src/ws_moveit/build/launch_param_builder/build/lib/launch_param_builder
[0.407s] copying launch_param_builder/utils.py -> /home/tingjia/workspace/src/ws_moveit/build/launch_param_builder/build/lib/launch_param_builder
[0.407s] running install
[0.408s] running install_lib
[0.408s] creating /home/tingjia/workspace/src/ws_moveit/install/launch_param_builder/lib/python3.10/site-packages/launch_param_builder
[0.408s] copying /home/tingjia/workspace/src/ws_moveit/build/launch_param_builder/build/lib/launch_param_builder/launch_param_builder.py -> /home/tingjia/workspace/src/ws_moveit/install/launch_param_builder/lib/python3.10/site-packages/launch_param_builder
[0.408s] copying /home/tingjia/workspace/src/ws_moveit/build/launch_param_builder/build/lib/launch_param_builder/__init__.py -> /home/tingjia/workspace/src/ws_moveit/install/launch_param_builder/lib/python3.10/site-packages/launch_param_builder
[0.408s] copying /home/tingjia/workspace/src/ws_moveit/build/launch_param_builder/build/lib/launch_param_builder/utils.py -> /home/tingjia/workspace/src/ws_moveit/install/launch_param_builder/lib/python3.10/site-packages/launch_param_builder
[0.408s] byte-compiling /home/tingjia/workspace/src/ws_moveit/install/launch_param_builder/lib/python3.10/site-packages/launch_param_builder/launch_param_builder.py to launch_param_builder.cpython-310.pyc
[0.409s] byte-compiling /home/tingjia/workspace/src/ws_moveit/install/launch_param_builder/lib/python3.10/site-packages/launch_param_builder/__init__.py to __init__.cpython-310.pyc
[0.409s] byte-compiling /home/tingjia/workspace/src/ws_moveit/install/launch_param_builder/lib/python3.10/site-packages/launch_param_builder/utils.py to utils.cpython-310.pyc
[0.409s] running install_data
[0.409s] creating /home/tingjia/workspace/src/ws_moveit/install/launch_param_builder/share/ament_index
[0.409s] creating /home/tingjia/workspace/src/ws_moveit/install/launch_param_builder/share/ament_index/resource_index
[0.409s] creating /home/tingjia/workspace/src/ws_moveit/install/launch_param_builder/share/ament_index/resource_index/packages
[0.409s] copying resource/launch_param_builder -> /home/tingjia/workspace/src/ws_moveit/install/launch_param_builder/share/ament_index/resource_index/packages
[0.409s] creating /home/tingjia/workspace/src/ws_moveit/install/launch_param_builder/share/launch_param_builder/launch
[0.409s] copying example/launch_param_builder_example.launch.py -> /home/tingjia/workspace/src/ws_moveit/install/launch_param_builder/share/launch_param_builder/launch
[0.409s] creating /home/tingjia/workspace/src/ws_moveit/install/launch_param_builder/share/launch_param_builder/config
[0.409s] copying test/data/param_file_to_inject.yaml -> /home/tingjia/workspace/src/ws_moveit/install/launch_param_builder/share/launch_param_builder/config
[0.410s] copying test/data/parameters_injection.yaml -> /home/tingjia/workspace/src/ws_moveit/install/launch_param_builder/share/launch_param_builder/config
[0.410s] copying test/data/parameters.yaml -> /home/tingjia/workspace/src/ws_moveit/install/launch_param_builder/share/launch_param_builder/config
[0.410s] copying test/data/parameter.xacro -> /home/tingjia/workspace/src/ws_moveit/install/launch_param_builder/share/launch_param_builder/config
[0.410s] copying test/data/parameter_file -> /home/tingjia/workspace/src/ws_moveit/install/launch_param_builder/share/launch_param_builder/config
[0.410s] copying package.xml -> /home/tingjia/workspace/src/ws_moveit/install/launch_param_builder/share/launch_param_builder
[0.411s] creating /home/tingjia/workspace/src/ws_moveit/install/launch_param_builder/lib/launch_param_builder
[0.411s] copying example/example_node.py -> /home/tingjia/workspace/src/ws_moveit/install/launch_param_builder/lib/launch_param_builder
[0.411s] running install_egg_info
[0.412s] Copying ../../build/launch_param_builder/launch_param_builder.egg-info to /home/tingjia/workspace/src/ws_moveit/install/launch_param_builder/lib/python3.10/site-packages/launch_param_builder-0.1.1-py3.10.egg-info
[0.412s] running install_scripts
[0.423s] writing list of installed files to '/home/tingjia/workspace/src/ws_moveit/build/launch_param_builder/install.log'
[0.435s] Invoked command in '/home/tingjia/workspace/src/ws_moveit/src/launch_param_builder' returned '0': PYTHONPATH=/home/tingjia/workspace/src/ws_moveit/build/launch_param_builder/prefix_override:/usr/lib/python3/dist-packages/colcon_core/task/python/colcon_distutils_commands:/home/tingjia/workspace/src/ws_moveit/install/launch_param_builder/lib/python3.10/site-packages:${PYTHONPATH} /usr/bin/python3 -W ignore:setup.py install is deprecated -W ignore:easy_install command is deprecated setup.py egg_info --egg-base ../../build/launch_param_builder build --build-base /home/tingjia/workspace/src/ws_moveit/build/launch_param_builder/build install --record /home/tingjia/workspace/src/ws_moveit/build/launch_param_builder/install.log --single-version-externally-managed install_data
