[0.005s] Invoking command in '/home/tingjia/workspace/src/ws_moveit/build/rosparam_shortcuts': CMAKE_PREFIX_PATH=${CMAKE_PREFIX_PATH}:/home/tingjia/workspace/src/ws_moveit/install/moveit_configs_utils:/home/tingjia/workspace/src/ws_moveit/install/launch_param_builder:/opt/ros/humble /usr/bin/cmake /home/tingjia/workspace/src/ws_moveit/src/rosparam_shortcuts -DCMAKE_INSTALL_PREFIX=/home/tingjia/workspace/src/ws_moveit/install/rosparam_shortcuts
[0.058s] -- The C compiler identification is GNU 11.4.0
[0.099s] -- The CXX compiler identification is GNU 11.4.0
[0.104s] -- Detecting C compiler ABI info
[0.217s] -- Detecting C compiler ABI info - done
[0.223s] -- Check for working C compiler: /usr/bin/cc - skipped
[0.223s] -- Detecting C compile features
[0.223s] -- Detecting C compile features - done
[0.225s] -- Detecting CXX compiler ABI info
[0.312s] -- Detecting CXX compiler ABI info - done
[0.316s] -- Check for working CXX compiler: /usr/bin/c++ - skipped
[0.316s] -- Detecting CXX compile features
[0.317s] -- Detecting CXX compile features - done
[0.319s] -- Found ament_cmake: 1.3.12 (/opt/ros/humble/share/ament_cmake/cmake)
[0.430s] -- Found Python3: /usr/bin/python3 (found version "3.10.12") found components: Interpreter 
[0.485s] -- Found eigen3_cmake_module: 0.1.1 (/opt/ros/humble/share/eigen3_cmake_module/cmake)
[0.489s] -- Found Eigen3: TRUE (found version "3.4.0") 
[0.490s] -- Found geometry_msgs: 4.9.0 (/opt/ros/humble/share/geometry_msgs/cmake)
[0.511s] -- Found rosidl_generator_c: 3.1.7 (/opt/ros/humble/share/rosidl_generator_c/cmake)
[0.514s] -- Found rosidl_adapter: 3.1.7 (/opt/ros/humble/share/rosidl_adapter/cmake)
[0.518s] -- Found rosidl_generator_cpp: 3.1.7 (/opt/ros/humble/share/rosidl_generator_cpp/cmake)
[0.526s] -- Using all available rosidl_typesupport_c: rosidl_typesupport_fastrtps_c;rosidl_typesupport_introspection_c
[0.536s] -- Using all available rosidl_typesupport_cpp: rosidl_typesupport_fastrtps_cpp;rosidl_typesupport_introspection_cpp
[0.557s] -- Found rclcpp: 16.0.14 (/opt/ros/humble/share/rclcpp/cmake)
[0.581s] -- Found rmw_implementation_cmake: 6.1.2 (/opt/ros/humble/share/rmw_implementation_cmake/cmake)
[0.583s] -- Found rmw_fastrtps_cpp: 6.2.8 (/opt/ros/humble/share/rmw_fastrtps_cpp/cmake)
[0.712s] -- Found OpenSSL: /usr/lib/x86_64-linux-gnu/libcrypto.so (found version "3.0.2")  
[0.732s] -- Found FastRTPS: /opt/ros/humble/include  
[0.758s] -- Using RMW implementation 'rmw_fastrtps_cpp' as default
[0.765s] -- Looking for pthread.h
[0.868s] -- Looking for pthread.h - found
[0.868s] -- Performing Test CMAKE_HAVE_LIBC_PTHREAD
[0.959s] -- Performing Test CMAKE_HAVE_LIBC_PTHREAD - Success
[0.960s] -- Found Threads: TRUE  
[0.991s] -- Found tf2_eigen: 0.25.16 (/opt/ros/humble/share/tf2_eigen/cmake)
[1.066s] -- Found ament_lint_auto: 0.12.14 (/opt/ros/humble/share/ament_lint_auto/cmake)
[1.067s] -- Found ament_cmake_gtest: 1.3.12 (/opt/ros/humble/share/ament_cmake_gtest/cmake)
[1.068s] -- Found ros_testing: 0.4.0 (/opt/ros/humble/share/ros_testing/cmake)
[1.069s] -- Found launch_testing_ament_cmake: 1.0.10 (/opt/ros/humble/share/launch_testing_ament_cmake/cmake)
[1.070s] -- Found python_cmake_module: 0.10.0 (/opt/ros/humble/share/python_cmake_module/cmake)
[1.083s] -- Found PythonInterp: /usr/bin/python3 (found suitable version "3.10.12", minimum required is "3.6") 
[1.086s] -- Found PythonLibs: /usr/lib/x86_64-linux-gnu/libpython3.10.so (found suitable version "3.10.12", minimum required is "3.5") 
[1.086s] -- Using PYTHON_EXECUTABLE: /usr/bin/python3
[1.086s] -- Using PYTHON_INCLUDE_DIRS: /usr/include/python3.10
[1.086s] -- Using PYTHON_LIBRARIES: /usr/lib/x86_64-linux-gnu/libpython3.10.so
[1.098s] -- Found PythonExtra: .so  
[1.140s] -- Found gtest sources under '/opt/ros/humble/src/gtest_vendor': C++ tests using 'Google Test' will be built
[1.147s] -- Added test 'copyright' to check source files copyright and LICENSE
[1.147s] -- Added test 'lint_cmake' to check CMake code style
[1.148s] -- Added test 'pep257' to check Python code against some of the docstring style conventions in PEP 257
[1.149s] -- Added test 'xmllint' to check XML markup files
[1.150s] -- Configuring done
[1.162s] -- Generating done
[1.167s] -- Build files have been written to: /home/tingjia/workspace/src/ws_moveit/build/rosparam_shortcuts
[1.173s] Invoked command in '/home/tingjia/workspace/src/ws_moveit/build/rosparam_shortcuts' returned '0': CMAKE_PREFIX_PATH=${CMAKE_PREFIX_PATH}:/home/tingjia/workspace/src/ws_moveit/install/moveit_configs_utils:/home/tingjia/workspace/src/ws_moveit/install/launch_param_builder:/opt/ros/humble /usr/bin/cmake /home/tingjia/workspace/src/ws_moveit/src/rosparam_shortcuts -DCMAKE_INSTALL_PREFIX=/home/tingjia/workspace/src/ws_moveit/install/rosparam_shortcuts
[1.174s] Invoking command in '/home/tingjia/workspace/src/ws_moveit/build/rosparam_shortcuts': CMAKE_PREFIX_PATH=${CMAKE_PREFIX_PATH}:/home/tingjia/workspace/src/ws_moveit/install/moveit_configs_utils:/home/tingjia/workspace/src/ws_moveit/install/launch_param_builder:/opt/ros/humble /usr/bin/cmake --build /home/tingjia/workspace/src/ws_moveit/build/rosparam_shortcuts
[1.232s] [  7%] [32mBuilding CXX object gtest/CMakeFiles/gtest_main.dir/src/gtest_main.cc.o[0m
[1.239s] [ 15%] [32mBuilding CXX object CMakeFiles/rosparam_shortcuts.dir/src/rosparam_shortcuts.cpp.o[0m
[1.239s] [ 23%] [32mBuilding CXX object CMakeFiles/rosparam_shortcuts.dir/src/node_parameters.cpp.o[0m
[1.695s] [ 30%] [32m[1mLinking CXX static library libgtest_main.a[0m
[1.722s] [ 30%] Built target gtest_main
[1.739s] [ 38%] [32mBuilding CXX object gtest/CMakeFiles/gtest.dir/src/gtest-all.cc.o[0m
[3.378s] [ 46%] [32m[1mLinking CXX static library libgtest.a[0m
[3.425s] [ 46%] Built target gtest
[4.029s] [ 53%] [32m[1mLinking CXX shared library librosparam_shortcuts.so[0m
[4.126s] [ 53%] Built target rosparam_shortcuts
[4.141s] [ 61%] [32mBuilding CXX object CMakeFiles/rosparam_shortcuts_example.dir/src/example.cpp.o[0m
[4.144s] [ 69%] [32mBuilding CXX object CMakeFiles/rosparam_shortcuts_node_parameters_example.dir/src/node_parameters_example.cpp.o[0m
[5.898s] [ 76%] [32m[1mLinking CXX executable node_parameters_example[0m
[5.905s] [ 84%] [32m[1mLinking CXX executable example[0m
[5.985s] [ 84%] Built target rosparam_shortcuts_node_parameters_example
[5.991s] [ 84%] Built target rosparam_shortcuts_example
[6.002s] [ 92%] [32mBuilding CXX object CMakeFiles/test_node_parameters.dir/test/test_node_parameters.cpp.o[0m
[8.321s] [100%] [32m[1mLinking CXX executable test_node_parameters[0m
[8.456s] [100%] Built target test_node_parameters
[8.463s] Invoked command in '/home/tingjia/workspace/src/ws_moveit/build/rosparam_shortcuts' returned '0': CMAKE_PREFIX_PATH=${CMAKE_PREFIX_PATH}:/home/tingjia/workspace/src/ws_moveit/install/moveit_configs_utils:/home/tingjia/workspace/src/ws_moveit/install/launch_param_builder:/opt/ros/humble /usr/bin/cmake --build /home/tingjia/workspace/src/ws_moveit/build/rosparam_shortcuts
[8.464s] Invoking command in '/home/tingjia/workspace/src/ws_moveit/build/rosparam_shortcuts': CMAKE_PREFIX_PATH=${CMAKE_PREFIX_PATH}:/home/tingjia/workspace/src/ws_moveit/install/moveit_configs_utils:/home/tingjia/workspace/src/ws_moveit/install/launch_param_builder:/opt/ros/humble /usr/bin/cmake --install /home/tingjia/workspace/src/ws_moveit/build/rosparam_shortcuts
[8.469s] -- Install configuration: ""
[8.469s] -- Installing: /home/tingjia/workspace/src/ws_moveit/install/rosparam_shortcuts/lib/librosparam_shortcuts.so
[8.470s] -- Set runtime path of "/home/tingjia/workspace/src/ws_moveit/install/rosparam_shortcuts/lib/librosparam_shortcuts.so" to ""
[8.470s] -- Installing: /home/tingjia/workspace/src/ws_moveit/install/rosparam_shortcuts/lib/rosparam_shortcuts/example
[8.470s] -- Set runtime path of "/home/tingjia/workspace/src/ws_moveit/install/rosparam_shortcuts/lib/rosparam_shortcuts/example" to ""
[8.470s] -- Installing: /home/tingjia/workspace/src/ws_moveit/install/rosparam_shortcuts/lib/rosparam_shortcuts/node_parameters_example
[8.470s] -- Set runtime path of "/home/tingjia/workspace/src/ws_moveit/install/rosparam_shortcuts/lib/rosparam_shortcuts/node_parameters_example" to ""
[8.470s] -- Installing: /home/tingjia/workspace/src/ws_moveit/install/rosparam_shortcuts/include
[8.470s] -- Installing: /home/tingjia/workspace/src/ws_moveit/install/rosparam_shortcuts/include/rosparam_shortcuts
[8.470s] -- Installing: /home/tingjia/workspace/src/ws_moveit/install/rosparam_shortcuts/include/rosparam_shortcuts/rosparam_shortcuts.h
[8.470s] -- Installing: /home/tingjia/workspace/src/ws_moveit/install/rosparam_shortcuts/include/rosparam_shortcuts/node_parameters.h
[8.470s] -- Installing: /home/tingjia/workspace/src/ws_moveit/install/rosparam_shortcuts/share/rosparam_shortcuts/launch
[8.470s] -- Installing: /home/tingjia/workspace/src/ws_moveit/install/rosparam_shortcuts/share/rosparam_shortcuts/launch/example.launch.py
[8.470s] -- Installing: /home/tingjia/workspace/src/ws_moveit/install/rosparam_shortcuts/share/rosparam_shortcuts/config
[8.471s] -- Installing: /home/tingjia/workspace/src/ws_moveit/install/rosparam_shortcuts/share/rosparam_shortcuts/config/example.yaml
[8.471s] -- Installing: /home/tingjia/workspace/src/ws_moveit/install/rosparam_shortcuts/share/rosparam_shortcuts/environment/library_path.sh
[8.471s] -- Installing: /home/tingjia/workspace/src/ws_moveit/install/rosparam_shortcuts/share/rosparam_shortcuts/environment/library_path.dsv
[8.471s] -- Installing: /home/tingjia/workspace/src/ws_moveit/install/rosparam_shortcuts/share/ament_index/resource_index/package_run_dependencies/rosparam_shortcuts
[8.471s] -- Installing: /home/tingjia/workspace/src/ws_moveit/install/rosparam_shortcuts/share/ament_index/resource_index/parent_prefix_path/rosparam_shortcuts
[8.471s] -- Installing: /home/tingjia/workspace/src/ws_moveit/install/rosparam_shortcuts/share/rosparam_shortcuts/environment/ament_prefix_path.sh
[8.471s] -- Installing: /home/tingjia/workspace/src/ws_moveit/install/rosparam_shortcuts/share/rosparam_shortcuts/environment/ament_prefix_path.dsv
[8.471s] -- Installing: /home/tingjia/workspace/src/ws_moveit/install/rosparam_shortcuts/share/rosparam_shortcuts/environment/path.sh
[8.471s] -- Installing: /home/tingjia/workspace/src/ws_moveit/install/rosparam_shortcuts/share/rosparam_shortcuts/environment/path.dsv
[8.471s] -- Installing: /home/tingjia/workspace/src/ws_moveit/install/rosparam_shortcuts/share/rosparam_shortcuts/local_setup.bash
[8.471s] -- Installing: /home/tingjia/workspace/src/ws_moveit/install/rosparam_shortcuts/share/rosparam_shortcuts/local_setup.sh
[8.471s] -- Installing: /home/tingjia/workspace/src/ws_moveit/install/rosparam_shortcuts/share/rosparam_shortcuts/local_setup.zsh
[8.471s] -- Installing: /home/tingjia/workspace/src/ws_moveit/install/rosparam_shortcuts/share/rosparam_shortcuts/local_setup.dsv
[8.471s] -- Installing: /home/tingjia/workspace/src/ws_moveit/install/rosparam_shortcuts/share/rosparam_shortcuts/package.dsv
[8.471s] -- Installing: /home/tingjia/workspace/src/ws_moveit/install/rosparam_shortcuts/share/ament_index/resource_index/packages/rosparam_shortcuts
[8.471s] -- Installing: /home/tingjia/workspace/src/ws_moveit/install/rosparam_shortcuts/share/rosparam_shortcuts/cmake/export_rosparam_shortcutsExport.cmake
[8.471s] -- Installing: /home/tingjia/workspace/src/ws_moveit/install/rosparam_shortcuts/share/rosparam_shortcuts/cmake/export_rosparam_shortcutsExport-noconfig.cmake
[8.471s] -- Installing: /home/tingjia/workspace/src/ws_moveit/install/rosparam_shortcuts/share/rosparam_shortcuts/cmake/ament_cmake_export_targets-extras.cmake
[8.471s] -- Installing: /home/tingjia/workspace/src/ws_moveit/install/rosparam_shortcuts/share/rosparam_shortcuts/cmake/ament_cmake_export_dependencies-extras.cmake
[8.471s] -- Installing: /home/tingjia/workspace/src/ws_moveit/install/rosparam_shortcuts/share/rosparam_shortcuts/cmake/rosparam_shortcutsConfig.cmake
[8.472s] -- Installing: /home/tingjia/workspace/src/ws_moveit/install/rosparam_shortcuts/share/rosparam_shortcuts/cmake/rosparam_shortcutsConfig-version.cmake
[8.472s] -- Installing: /home/tingjia/workspace/src/ws_moveit/install/rosparam_shortcuts/share/rosparam_shortcuts/package.xml
[8.473s] Invoked command in '/home/tingjia/workspace/src/ws_moveit/build/rosparam_shortcuts' returned '0': CMAKE_PREFIX_PATH=${CMAKE_PREFIX_PATH}:/home/tingjia/workspace/src/ws_moveit/install/moveit_configs_utils:/home/tingjia/workspace/src/ws_moveit/install/launch_param_builder:/opt/ros/humble /usr/bin/cmake --install /home/tingjia/workspace/src/ws_moveit/build/rosparam_shortcuts
