[0.006s] Invoking command in '/home/tingjia/workspace/src/ws_moveit/build/moveit_resources_prbt_support': CMAKE_PREFIX_PATH=${CMAKE_PREFIX_PATH}:/home/tingjia/workspace/src/ws_moveit/install/moveit_configs_utils:/home/tingjia/workspace/src/ws_moveit/install/launch_param_builder:/opt/ros/humble /usr/bin/cmake /home/tingjia/workspace/src/ws_moveit/src/moveit2/moveit_planners/test_configs/prbt_support -DCMAKE_INSTALL_PREFIX=/home/tingjia/workspace/src/ws_moveit/install/moveit_resources_prbt_support
[0.078s] -- The C compiler identification is GNU 11.4.0
[0.123s] -- The CXX compiler identification is GNU 11.4.0
[0.128s] -- Detecting C compiler ABI info
[0.225s] -- Detecting C compiler ABI info - done
[0.229s] -- Check for working C compiler: /usr/bin/cc - skipped
[0.229s] -- Detecting C compile features
[0.229s] -- Detecting C compile features - done
[0.232s] -- Detecting CXX compiler ABI info
[0.339s] -- Detecting CXX compiler ABI info - done
[0.343s] -- Check for working CXX compiler: /usr/bin/c++ - skipped
[0.343s] -- Detecting CXX compile features
[0.343s] -- Detecting CXX compile features - done
[0.345s] -- Found ament_cmake: 1.3.12 (/opt/ros/humble/share/ament_cmake/cmake)
[0.456s] -- Found Python3: /usr/bin/python3 (found version "3.10.12") found components: Interpreter 
[0.543s] -- Configuring done
[0.544s] -- Generating done
[0.545s] -- Build files have been written to: /home/tingjia/workspace/src/ws_moveit/build/moveit_resources_prbt_support
[0.547s] Invoked command in '/home/tingjia/workspace/src/ws_moveit/build/moveit_resources_prbt_support' returned '0': CMAKE_PREFIX_PATH=${CMAKE_PREFIX_PATH}:/home/tingjia/workspace/src/ws_moveit/install/moveit_configs_utils:/home/tingjia/workspace/src/ws_moveit/install/launch_param_builder:/opt/ros/humble /usr/bin/cmake /home/tingjia/workspace/src/ws_moveit/src/moveit2/moveit_planners/test_configs/prbt_support -DCMAKE_INSTALL_PREFIX=/home/tingjia/workspace/src/ws_moveit/install/moveit_resources_prbt_support
[0.548s] Invoking command in '/home/tingjia/workspace/src/ws_moveit/build/moveit_resources_prbt_support': CMAKE_PREFIX_PATH=${CMAKE_PREFIX_PATH}:/home/tingjia/workspace/src/ws_moveit/install/moveit_configs_utils:/home/tingjia/workspace/src/ws_moveit/install/launch_param_builder:/opt/ros/humble /usr/bin/cmake --build /home/tingjia/workspace/src/ws_moveit/build/moveit_resources_prbt_support
[0.587s] Invoked command in '/home/tingjia/workspace/src/ws_moveit/build/moveit_resources_prbt_support' returned '0': CMAKE_PREFIX_PATH=${CMAKE_PREFIX_PATH}:/home/tingjia/workspace/src/ws_moveit/install/moveit_configs_utils:/home/tingjia/workspace/src/ws_moveit/install/launch_param_builder:/opt/ros/humble /usr/bin/cmake --build /home/tingjia/workspace/src/ws_moveit/build/moveit_resources_prbt_support
[0.589s] Invoking command in '/home/tingjia/workspace/src/ws_moveit/build/moveit_resources_prbt_support': CMAKE_PREFIX_PATH=${CMAKE_PREFIX_PATH}:/home/tingjia/workspace/src/ws_moveit/install/moveit_configs_utils:/home/tingjia/workspace/src/ws_moveit/install/launch_param_builder:/opt/ros/humble /usr/bin/cmake --install /home/tingjia/workspace/src/ws_moveit/build/moveit_resources_prbt_support
[0.605s] -- Install configuration: ""
[0.605s] -- Installing: /home/tingjia/workspace/src/ws_moveit/install/moveit_resources_prbt_support/share/ament_index/resource_index/package_run_dependencies/moveit_resources_prbt_support
[0.605s] -- Installing: /home/tingjia/workspace/src/ws_moveit/install/moveit_resources_prbt_support/share/ament_index/resource_index/parent_prefix_path/moveit_resources_prbt_support
[0.606s] -- Installing: /home/tingjia/workspace/src/ws_moveit/install/moveit_resources_prbt_support/share/moveit_resources_prbt_support/environment/ament_prefix_path.sh
[0.606s] -- Installing: /home/tingjia/workspace/src/ws_moveit/install/moveit_resources_prbt_support/share/moveit_resources_prbt_support/environment/ament_prefix_path.dsv
[0.606s] -- Installing: /home/tingjia/workspace/src/ws_moveit/install/moveit_resources_prbt_support/share/moveit_resources_prbt_support/environment/path.sh
[0.606s] -- Installing: /home/tingjia/workspace/src/ws_moveit/install/moveit_resources_prbt_support/share/moveit_resources_prbt_support/environment/path.dsv
[0.606s] -- Installing: /home/tingjia/workspace/src/ws_moveit/install/moveit_resources_prbt_support/share/moveit_resources_prbt_support/local_setup.bash
[0.606s] -- Installing: /home/tingjia/workspace/src/ws_moveit/install/moveit_resources_prbt_support/share/moveit_resources_prbt_support/local_setup.sh
[0.606s] -- Installing: /home/tingjia/workspace/src/ws_moveit/install/moveit_resources_prbt_support/share/moveit_resources_prbt_support/local_setup.zsh
[0.606s] -- Installing: /home/tingjia/workspace/src/ws_moveit/install/moveit_resources_prbt_support/share/moveit_resources_prbt_support/local_setup.dsv
[0.607s] -- Installing: /home/tingjia/workspace/src/ws_moveit/install/moveit_resources_prbt_support/share/moveit_resources_prbt_support/package.dsv
[0.607s] -- Installing: /home/tingjia/workspace/src/ws_moveit/install/moveit_resources_prbt_support/share/ament_index/resource_index/packages/moveit_resources_prbt_support
[0.607s] -- Installing: /home/tingjia/workspace/src/ws_moveit/install/moveit_resources_prbt_support/share/moveit_resources_prbt_support/cmake/moveit_resources_prbt_supportConfig.cmake
[0.607s] -- Installing: /home/tingjia/workspace/src/ws_moveit/install/moveit_resources_prbt_support/share/moveit_resources_prbt_support/cmake/moveit_resources_prbt_supportConfig-version.cmake
[0.607s] -- Installing: /home/tingjia/workspace/src/ws_moveit/install/moveit_resources_prbt_support/share/moveit_resources_prbt_support/package.xml
[0.607s] -- Installing: /home/tingjia/workspace/src/ws_moveit/install/moveit_resources_prbt_support/share/moveit_resources_prbt_support/urdf
[0.607s] -- Installing: /home/tingjia/workspace/src/ws_moveit/install/moveit_resources_prbt_support/share/moveit_resources_prbt_support/urdf/simple_gripper_brackets.urdf.xacro
[0.607s] -- Installing: /home/tingjia/workspace/src/ws_moveit/install/moveit_resources_prbt_support/share/moveit_resources_prbt_support/urdf/prbt.xacro
[0.608s] -- Installing: /home/tingjia/workspace/src/ws_moveit/install/moveit_resources_prbt_support/share/moveit_resources_prbt_support/urdf/prbt_macro.xacro
[0.608s] -- Installing: /home/tingjia/workspace/src/ws_moveit/install/moveit_resources_prbt_support/share/moveit_resources_prbt_support/urdf/prbt.ros2_control.xacro
[0.608s] -- Installing: /home/tingjia/workspace/src/ws_moveit/install/moveit_resources_prbt_support/share/moveit_resources_prbt_support/meshes
[0.608s] -- Installing: /home/tingjia/workspace/src/ws_moveit/install/moveit_resources_prbt_support/share/moveit_resources_prbt_support/meshes/link_2.dae
[0.609s] -- Installing: /home/tingjia/workspace/src/ws_moveit/install/moveit_resources_prbt_support/share/moveit_resources_prbt_support/meshes/link_3.dae
[0.610s] -- Installing: /home/tingjia/workspace/src/ws_moveit/install/moveit_resources_prbt_support/share/moveit_resources_prbt_support/meshes/link_3.stl
[0.610s] -- Installing: /home/tingjia/workspace/src/ws_moveit/install/moveit_resources_prbt_support/share/moveit_resources_prbt_support/meshes/link_4.stl
[0.610s] -- Installing: /home/tingjia/workspace/src/ws_moveit/install/moveit_resources_prbt_support/share/moveit_resources_prbt_support/meshes/link_2.stl
[0.610s] -- Installing: /home/tingjia/workspace/src/ws_moveit/install/moveit_resources_prbt_support/share/moveit_resources_prbt_support/meshes/link_5.dae
[0.611s] -- Installing: /home/tingjia/workspace/src/ws_moveit/install/moveit_resources_prbt_support/share/moveit_resources_prbt_support/meshes/foot.stl
[0.611s] -- Installing: /home/tingjia/workspace/src/ws_moveit/install/moveit_resources_prbt_support/share/moveit_resources_prbt_support/meshes/foot.dae
[0.611s] -- Installing: /home/tingjia/workspace/src/ws_moveit/install/moveit_resources_prbt_support/share/moveit_resources_prbt_support/meshes/link_5.stl
[0.612s] -- Installing: /home/tingjia/workspace/src/ws_moveit/install/moveit_resources_prbt_support/share/moveit_resources_prbt_support/meshes/link_1.stl
[0.612s] -- Installing: /home/tingjia/workspace/src/ws_moveit/install/moveit_resources_prbt_support/share/moveit_resources_prbt_support/meshes/flange.stl
[0.612s] -- Installing: /home/tingjia/workspace/src/ws_moveit/install/moveit_resources_prbt_support/share/moveit_resources_prbt_support/meshes/link_4.dae
[0.612s] -- Installing: /home/tingjia/workspace/src/ws_moveit/install/moveit_resources_prbt_support/share/moveit_resources_prbt_support/meshes/flange.dae
[0.613s] -- Installing: /home/tingjia/workspace/src/ws_moveit/install/moveit_resources_prbt_support/share/moveit_resources_prbt_support/meshes/link_1.dae
[0.613s] -- Installing: /home/tingjia/workspace/src/ws_moveit/install/moveit_resources_prbt_support/share/moveit_resources_prbt_support/config
[0.613s] -- Installing: /home/tingjia/workspace/src/ws_moveit/install/moveit_resources_prbt_support/share/moveit_resources_prbt_support/config/manipulator_driver.yaml
[0.613s] -- Installing: /home/tingjia/workspace/src/ws_moveit/install/moveit_resources_prbt_support/share/moveit_resources_prbt_support/config/prbt_0_1.dcf
[0.613s] -- Installing: /home/tingjia/workspace/src/ws_moveit/install/moveit_resources_prbt_support/share/moveit_resources_prbt_support/config/manipulator_controller.yaml
[0.615s] Invoked command in '/home/tingjia/workspace/src/ws_moveit/build/moveit_resources_prbt_support' returned '0': CMAKE_PREFIX_PATH=${CMAKE_PREFIX_PATH}:/home/tingjia/workspace/src/ws_moveit/install/moveit_configs_utils:/home/tingjia/workspace/src/ws_moveit/install/launch_param_builder:/opt/ros/humble /usr/bin/cmake --install /home/tingjia/workspace/src/ws_moveit/build/moveit_resources_prbt_support
