[0.005s] Invoking command in '/home/tingjia/workspace/src/ws_moveit/build/moveit_resources_panda_description': CMAKE_PREFIX_PATH=${CMAKE_PREFIX_PATH}:/home/tingjia/workspace/src/ws_moveit/install/moveit_configs_utils:/home/tingjia/workspace/src/ws_moveit/install/launch_param_builder:/opt/ros/humble /usr/bin/cmake /home/tingjia/workspace/src/ws_moveit/src/moveit_resources/panda_description -DCMAKE_INSTALL_PREFIX=/home/tingjia/workspace/src/ws_moveit/install/moveit_resources_panda_description
[0.075s] -- The C compiler identification is GNU 11.4.0
[0.134s] -- The CXX compiler identification is GNU 11.4.0
[0.139s] -- Detecting C compiler ABI info
[0.261s] -- Detecting C compiler ABI info - done
[0.271s] -- Check for working C compiler: /usr/bin/cc - skipped
[0.271s] -- Detecting C compile features
[0.271s] -- Detecting C compile features - done
[0.274s] -- Detecting CXX compiler ABI info
[0.378s] -- Detecting CXX compiler ABI info - done
[0.382s] -- Check for working CXX compiler: /usr/bin/c++ - skipped
[0.382s] -- Detecting CXX compile features
[0.382s] -- Detecting CXX compile features - done
[0.384s] -- Found ament_cmake: 1.3.12 (/opt/ros/humble/share/ament_cmake/cmake)
[0.480s] -- Found Python3: /usr/bin/python3 (found version "3.10.12") found components: Interpreter 
[0.579s] -- Configuring done
[0.580s] -- Generating done
[0.580s] -- Build files have been written to: /home/tingjia/workspace/src/ws_moveit/build/moveit_resources_panda_description
[0.583s] Invoked command in '/home/tingjia/workspace/src/ws_moveit/build/moveit_resources_panda_description' returned '0': CMAKE_PREFIX_PATH=${CMAKE_PREFIX_PATH}:/home/tingjia/workspace/src/ws_moveit/install/moveit_configs_utils:/home/tingjia/workspace/src/ws_moveit/install/launch_param_builder:/opt/ros/humble /usr/bin/cmake /home/tingjia/workspace/src/ws_moveit/src/moveit_resources/panda_description -DCMAKE_INSTALL_PREFIX=/home/tingjia/workspace/src/ws_moveit/install/moveit_resources_panda_description
[0.584s] Invoking command in '/home/tingjia/workspace/src/ws_moveit/build/moveit_resources_panda_description': CMAKE_PREFIX_PATH=${CMAKE_PREFIX_PATH}:/home/tingjia/workspace/src/ws_moveit/install/moveit_configs_utils:/home/tingjia/workspace/src/ws_moveit/install/launch_param_builder:/opt/ros/humble /usr/bin/cmake --build /home/tingjia/workspace/src/ws_moveit/build/moveit_resources_panda_description
[0.624s] Invoked command in '/home/tingjia/workspace/src/ws_moveit/build/moveit_resources_panda_description' returned '0': CMAKE_PREFIX_PATH=${CMAKE_PREFIX_PATH}:/home/tingjia/workspace/src/ws_moveit/install/moveit_configs_utils:/home/tingjia/workspace/src/ws_moveit/install/launch_param_builder:/opt/ros/humble /usr/bin/cmake --build /home/tingjia/workspace/src/ws_moveit/build/moveit_resources_panda_description
[0.627s] Invoking command in '/home/tingjia/workspace/src/ws_moveit/build/moveit_resources_panda_description': CMAKE_PREFIX_PATH=${CMAKE_PREFIX_PATH}:/home/tingjia/workspace/src/ws_moveit/install/moveit_configs_utils:/home/tingjia/workspace/src/ws_moveit/install/launch_param_builder:/opt/ros/humble /usr/bin/cmake --install /home/tingjia/workspace/src/ws_moveit/build/moveit_resources_panda_description
[0.644s] -- Install configuration: ""
[0.644s] -- Installing: /home/tingjia/workspace/src/ws_moveit/install/moveit_resources_panda_description/share/ament_index/resource_index/package_run_dependencies/moveit_resources_panda_description
[0.644s] -- Installing: /home/tingjia/workspace/src/ws_moveit/install/moveit_resources_panda_description/share/ament_index/resource_index/parent_prefix_path/moveit_resources_panda_description
[0.644s] -- Installing: /home/tingjia/workspace/src/ws_moveit/install/moveit_resources_panda_description/share/moveit_resources_panda_description/environment/ament_prefix_path.sh
[0.644s] -- Installing: /home/tingjia/workspace/src/ws_moveit/install/moveit_resources_panda_description/share/moveit_resources_panda_description/environment/ament_prefix_path.dsv
[0.645s] -- Installing: /home/tingjia/workspace/src/ws_moveit/install/moveit_resources_panda_description/share/moveit_resources_panda_description/environment/path.sh
[0.645s] -- Installing: /home/tingjia/workspace/src/ws_moveit/install/moveit_resources_panda_description/share/moveit_resources_panda_description/environment/path.dsv
[0.645s] -- Installing: /home/tingjia/workspace/src/ws_moveit/install/moveit_resources_panda_description/share/moveit_resources_panda_description/local_setup.bash
[0.645s] -- Installing: /home/tingjia/workspace/src/ws_moveit/install/moveit_resources_panda_description/share/moveit_resources_panda_description/local_setup.sh
[0.645s] -- Installing: /home/tingjia/workspace/src/ws_moveit/install/moveit_resources_panda_description/share/moveit_resources_panda_description/local_setup.zsh
[0.645s] -- Installing: /home/tingjia/workspace/src/ws_moveit/install/moveit_resources_panda_description/share/moveit_resources_panda_description/local_setup.dsv
[0.645s] -- Installing: /home/tingjia/workspace/src/ws_moveit/install/moveit_resources_panda_description/share/moveit_resources_panda_description/package.dsv
[0.646s] -- Installing: /home/tingjia/workspace/src/ws_moveit/install/moveit_resources_panda_description/share/ament_index/resource_index/packages/moveit_resources_panda_description
[0.646s] -- Installing: /home/tingjia/workspace/src/ws_moveit/install/moveit_resources_panda_description/share/moveit_resources_panda_description/cmake/moveit_resources_panda_descriptionConfig.cmake
[0.646s] -- Installing: /home/tingjia/workspace/src/ws_moveit/install/moveit_resources_panda_description/share/moveit_resources_panda_description/cmake/moveit_resources_panda_descriptionConfig-version.cmake
[0.646s] -- Installing: /home/tingjia/workspace/src/ws_moveit/install/moveit_resources_panda_description/share/moveit_resources_panda_description/package.xml
[0.646s] -- Installing: /home/tingjia/workspace/src/ws_moveit/install/moveit_resources_panda_description/share/moveit_resources_panda_description/meshes
[0.646s] -- Installing: /home/tingjia/workspace/src/ws_moveit/install/moveit_resources_panda_description/share/moveit_resources_panda_description/meshes/visual
[0.646s] -- Installing: /home/tingjia/workspace/src/ws_moveit/install/moveit_resources_panda_description/share/moveit_resources_panda_description/meshes/visual/link0.dae
[0.648s] -- Installing: /home/tingjia/workspace/src/ws_moveit/install/moveit_resources_panda_description/share/moveit_resources_panda_description/meshes/visual/link5.dae
[0.649s] -- Installing: /home/tingjia/workspace/src/ws_moveit/install/moveit_resources_panda_description/share/moveit_resources_panda_description/meshes/visual/link1.dae
[0.650s] -- Installing: /home/tingjia/workspace/src/ws_moveit/install/moveit_resources_panda_description/share/moveit_resources_panda_description/meshes/visual/finger.dae
[0.650s] -- Installing: /home/tingjia/workspace/src/ws_moveit/install/moveit_resources_panda_description/share/moveit_resources_panda_description/meshes/visual/link6.dae
[0.652s] -- Installing: /home/tingjia/workspace/src/ws_moveit/install/moveit_resources_panda_description/share/moveit_resources_panda_description/meshes/visual/link3.dae
[0.653s] -- Installing: /home/tingjia/workspace/src/ws_moveit/install/moveit_resources_panda_description/share/moveit_resources_panda_description/meshes/visual/link2.dae
[0.654s] -- Installing: /home/tingjia/workspace/src/ws_moveit/install/moveit_resources_panda_description/share/moveit_resources_panda_description/meshes/visual/link4.dae
[0.655s] -- Installing: /home/tingjia/workspace/src/ws_moveit/install/moveit_resources_panda_description/share/moveit_resources_panda_description/meshes/visual/hand.dae
[0.655s] -- Installing: /home/tingjia/workspace/src/ws_moveit/install/moveit_resources_panda_description/share/moveit_resources_panda_description/meshes/visual/link7.dae
[0.656s] -- Installing: /home/tingjia/workspace/src/ws_moveit/install/moveit_resources_panda_description/share/moveit_resources_panda_description/meshes/collision
[0.656s] -- Installing: /home/tingjia/workspace/src/ws_moveit/install/moveit_resources_panda_description/share/moveit_resources_panda_description/meshes/collision/link2.stl
[0.656s] -- Installing: /home/tingjia/workspace/src/ws_moveit/install/moveit_resources_panda_description/share/moveit_resources_panda_description/meshes/collision/link3.stl
[0.656s] -- Installing: /home/tingjia/workspace/src/ws_moveit/install/moveit_resources_panda_description/share/moveit_resources_panda_description/meshes/collision/link7.stl
[0.656s] -- Installing: /home/tingjia/workspace/src/ws_moveit/install/moveit_resources_panda_description/share/moveit_resources_panda_description/meshes/collision/link1.stl
[0.656s] -- Installing: /home/tingjia/workspace/src/ws_moveit/install/moveit_resources_panda_description/share/moveit_resources_panda_description/meshes/collision/link5.stl
[0.656s] -- Installing: /home/tingjia/workspace/src/ws_moveit/install/moveit_resources_panda_description/share/moveit_resources_panda_description/meshes/collision/hand.stl
[0.656s] -- Installing: /home/tingjia/workspace/src/ws_moveit/install/moveit_resources_panda_description/share/moveit_resources_panda_description/meshes/collision/finger.stl
[0.657s] -- Installing: /home/tingjia/workspace/src/ws_moveit/install/moveit_resources_panda_description/share/moveit_resources_panda_description/meshes/collision/link6.stl
[0.657s] -- Installing: /home/tingjia/workspace/src/ws_moveit/install/moveit_resources_panda_description/share/moveit_resources_panda_description/meshes/collision/link0.stl
[0.657s] -- Installing: /home/tingjia/workspace/src/ws_moveit/install/moveit_resources_panda_description/share/moveit_resources_panda_description/meshes/collision/link4.stl
[0.657s] -- Installing: /home/tingjia/workspace/src/ws_moveit/install/moveit_resources_panda_description/share/moveit_resources_panda_description/urdf
[0.657s] -- Installing: /home/tingjia/workspace/src/ws_moveit/install/moveit_resources_panda_description/share/moveit_resources_panda_description/urdf/panda.urdf
[0.658s] Invoked command in '/home/tingjia/workspace/src/ws_moveit/build/moveit_resources_panda_description' returned '0': CMAKE_PREFIX_PATH=${CMAKE_PREFIX_PATH}:/home/tingjia/workspace/src/ws_moveit/install/moveit_configs_utils:/home/tingjia/workspace/src/ws_moveit/install/launch_param_builder:/opt/ros/humble /usr/bin/cmake --install /home/tingjia/workspace/src/ws_moveit/build/moveit_resources_panda_description
