[0.004s] Invoking command in '/home/tingjia/workspace/src/ws_moveit/build/moveit_common': CMAKE_PREFIX_PATH=${CMAKE_PREFIX_PATH}:/home/tingjia/workspace/src/ws_moveit/install/moveit_configs_utils:/home/tingjia/workspace/src/ws_moveit/install/launch_param_builder:/opt/ros/humble /usr/bin/cmake /home/tingjia/workspace/src/ws_moveit/src/moveit2/moveit_common -DCMAKE_INSTALL_PREFIX=/home/tingjia/workspace/src/ws_moveit/install/moveit_common
[0.025s] -- Found ament_cmake: 1.3.12 (/opt/ros/humble/share/ament_cmake/cmake)
[0.151s] -- Found Python3: /usr/bin/python3 (found version "3.10.12") found components: Interpreter 
[0.214s] -- Found ament_lint_auto: 0.12.14 (/opt/ros/humble/share/ament_lint_auto/cmake)
[0.278s] -- Added test 'copyright' to check source files copyright and LICENSE
[0.279s] -- Added test 'lint_cmake' to check CMake code style
[0.280s] -- Added test 'xmllint' to check XML markup files
[0.281s] -- Configuring done
[0.283s] -- Generating done
[0.283s] -- Build files have been written to: /home/tingjia/workspace/src/ws_moveit/build/moveit_common
[0.285s] Invoked command in '/home/tingjia/workspace/src/ws_moveit/build/moveit_common' returned '0': CMAKE_PREFIX_PATH=${CMAKE_PREFIX_PATH}:/home/tingjia/workspace/src/ws_moveit/install/moveit_configs_utils:/home/tingjia/workspace/src/ws_moveit/install/launch_param_builder:/opt/ros/humble /usr/bin/cmake /home/tingjia/workspace/src/ws_moveit/src/moveit2/moveit_common -DCMAKE_INSTALL_PREFIX=/home/tingjia/workspace/src/ws_moveit/install/moveit_common
[0.286s] Invoking command in '/home/tingjia/workspace/src/ws_moveit/build/moveit_common': CMAKE_PREFIX_PATH=${CMAKE_PREFIX_PATH}:/home/tingjia/workspace/src/ws_moveit/install/moveit_configs_utils:/home/tingjia/workspace/src/ws_moveit/install/launch_param_builder:/opt/ros/humble /usr/bin/cmake --build /home/tingjia/workspace/src/ws_moveit/build/moveit_common
[0.336s] Invoked command in '/home/tingjia/workspace/src/ws_moveit/build/moveit_common' returned '0': CMAKE_PREFIX_PATH=${CMAKE_PREFIX_PATH}:/home/tingjia/workspace/src/ws_moveit/install/moveit_configs_utils:/home/tingjia/workspace/src/ws_moveit/install/launch_param_builder:/opt/ros/humble /usr/bin/cmake --build /home/tingjia/workspace/src/ws_moveit/build/moveit_common
[0.356s] Invoking command in '/home/tingjia/workspace/src/ws_moveit/build/moveit_common': CMAKE_PREFIX_PATH=${CMAKE_PREFIX_PATH}:/home/tingjia/workspace/src/ws_moveit/install/moveit_configs_utils:/home/tingjia/workspace/src/ws_moveit/install/launch_param_builder:/opt/ros/humble /usr/bin/cmake --install /home/tingjia/workspace/src/ws_moveit/build/moveit_common
[0.373s] -- Install configuration: ""
[0.373s] -- Installing: /home/tingjia/workspace/src/ws_moveit/install/moveit_common/share/ament_index/resource_index/package_run_dependencies/moveit_common
[0.373s] -- Installing: /home/tingjia/workspace/src/ws_moveit/install/moveit_common/share/ament_index/resource_index/parent_prefix_path/moveit_common
[0.374s] -- Installing: /home/tingjia/workspace/src/ws_moveit/install/moveit_common/share/moveit_common/environment/ament_prefix_path.sh
[0.374s] -- Installing: /home/tingjia/workspace/src/ws_moveit/install/moveit_common/share/moveit_common/environment/ament_prefix_path.dsv
[0.374s] -- Installing: /home/tingjia/workspace/src/ws_moveit/install/moveit_common/share/moveit_common/environment/path.sh
[0.374s] -- Installing: /home/tingjia/workspace/src/ws_moveit/install/moveit_common/share/moveit_common/environment/path.dsv
[0.374s] -- Installing: /home/tingjia/workspace/src/ws_moveit/install/moveit_common/share/moveit_common/local_setup.bash
[0.374s] -- Installing: /home/tingjia/workspace/src/ws_moveit/install/moveit_common/share/moveit_common/local_setup.sh
[0.374s] -- Installing: /home/tingjia/workspace/src/ws_moveit/install/moveit_common/share/moveit_common/local_setup.zsh
[0.375s] -- Installing: /home/tingjia/workspace/src/ws_moveit/install/moveit_common/share/moveit_common/local_setup.dsv
[0.375s] -- Installing: /home/tingjia/workspace/src/ws_moveit/install/moveit_common/share/moveit_common/package.dsv
[0.375s] -- Installing: /home/tingjia/workspace/src/ws_moveit/install/moveit_common/share/ament_index/resource_index/packages/moveit_common
[0.375s] -- Installing: /home/tingjia/workspace/src/ws_moveit/install/moveit_common/share/moveit_common/cmake/moveit_common-extras.cmake
[0.375s] -- Installing: /home/tingjia/workspace/src/ws_moveit/install/moveit_common/share/moveit_common/cmake/moveit_commonConfig.cmake
[0.375s] -- Installing: /home/tingjia/workspace/src/ws_moveit/install/moveit_common/share/moveit_common/cmake/moveit_commonConfig-version.cmake
[0.376s] -- Installing: /home/tingjia/workspace/src/ws_moveit/install/moveit_common/share/moveit_common/package.xml
[0.376s] -- Up-to-date: /home/tingjia/workspace/src/ws_moveit/install/moveit_common/share/moveit_common/cmake
[0.376s] -- Installing: /home/tingjia/workspace/src/ws_moveit/install/moveit_common/share/moveit_common/cmake/moveit_package.cmake
[0.380s] Invoked command in '/home/tingjia/workspace/src/ws_moveit/build/moveit_common' returned '0': CMAKE_PREFIX_PATH=${CMAKE_PREFIX_PATH}:/home/tingjia/workspace/src/ws_moveit/install/moveit_configs_utils:/home/tingjia/workspace/src/ws_moveit/install/launch_param_builder:/opt/ros/humble /usr/bin/cmake --install /home/tingjia/workspace/src/ws_moveit/build/moveit_common
