-- The C compiler identification is GNU 11.4.0
-- The CXX compiler identification is GNU 11.4.0
-- Detecting C compiler ABI info
-- Detecting C compiler ABI info - done
-- Check for working C compiler: /usr/bin/cc - skipped
-- Detecting C compile features
-- Detecting C compile features - done
-- Detecting CXX compiler ABI info
-- Detecting CXX compiler ABI info - done
-- Check for working CXX compiler: /usr/bin/c++ - skipped
-- Detecting CXX compile features
-- Detecting CXX compile features - done
-- Found ament_cmake: 1.3.12 (/opt/ros/humble/share/ament_cmake/cmake)
-- Found Python3: /usr/bin/python3 (found version "3.10.12") found components: Interpreter 
-- Found Boost: /usr/lib/x86_64-linux-gnu/cmake/Boost-1.74.0/BoostConfig.cmake (found version "1.74.0")  
-- Found moveit_common: 2.5.9 (/home/tingjia/workspace/src/ws_moveit/install/moveit_common/share/moveit_common/cmake)
-- Found moveit_core: 2.5.9 (/home/tingjia/workspace/src/ws_moveit/install/moveit_core/share/moveit_core/cmake)
-- Found Boost: /usr/lib/x86_64-linux-gnu/cmake/Boost-1.74.0/BoostConfig.cmake (found version "1.74.0") found components: chrono date_time filesystem iostreams program_options regex serialization system thread 
-- Found parameter_traits: 0.5.0 (/opt/ros/humble/share/parameter_traits/cmake)
-- Found rosidl_generator_c: 3.1.7 (/opt/ros/humble/share/rosidl_generator_c/cmake)
-- Found rosidl_adapter: 3.1.7 (/opt/ros/humble/share/rosidl_adapter/cmake)
-- Found rosidl_generator_cpp: 3.1.7 (/opt/ros/humble/share/rosidl_generator_cpp/cmake)
-- Using all available rosidl_typesupport_c: rosidl_typesupport_fastrtps_c;rosidl_typesupport_introspection_c
-- Using all available rosidl_typesupport_cpp: rosidl_typesupport_fastrtps_cpp;rosidl_typesupport_introspection_cpp
-- Found rmw_implementation_cmake: 6.1.2 (/opt/ros/humble/share/rmw_implementation_cmake/cmake)
-- Found rmw_fastrtps_cpp: 6.2.8 (/opt/ros/humble/share/rmw_fastrtps_cpp/cmake)
-- Found OpenSSL: /usr/lib/x86_64-linux-gnu/libcrypto.so (found version "3.0.2")  
-- Found FastRTPS: /opt/ros/humble/include  
-- Using RMW implementation 'rmw_fastrtps_cpp' as default
-- Found Threads: TRUE  
-- Found rclcpp_lifecycle: 16.0.14 (/opt/ros/humble/share/rclcpp_lifecycle/cmake)
-- Found Boost: /usr/lib/x86_64-linux-gnu/cmake/Boost-1.74.0/BoostConfig.cmake (found version "1.74.0") found components: filesystem 
-- library: /usr/lib/x86_64-linux-gnu/libcurl.so
-- Found Eigen3: TRUE (found version "3.4.0") 
-- Ensuring Eigen3 include directory is part of orocos-kdl CMake target
-- Found moveit_ros_move_group: 2.5.9 (/home/tingjia/workspace/src/ws_moveit/install/moveit_ros_move_group/share/moveit_ros_move_group/cmake)
-- Found Boost: /usr/lib/x86_64-linux-gnu/cmake/Boost-1.74.0/BoostConfig.cmake (found version "1.74.0") found components: system filesystem date_time program_options thread 
-- Found Boost: /usr/lib/x86_64-linux-gnu/cmake/Boost-1.74.0/BoostConfig.cmake (found version "1.74.0") found components: system filesystem date_time program_options thread chrono 
-- Found moveit_task_constructor_core: 0.1.3 (/home/tingjia/workspace/src/ws_moveit/install/moveit_task_constructor_core/share/moveit_task_constructor_core/cmake)
-- Found Boost: /usr/lib/x86_64-linux-gnu/cmake/Boost-1.74.0/BoostConfig.cmake (found version "1.74.0") found components: date_time filesystem program_options system thread 
-- Found Boost: /usr/lib/x86_64-linux-gnu/cmake/Boost-1.74.0/BoostConfig.cmake (found version "1.74.0") found components: thread system filesystem regex date_time program_options 
-- Found ament_cmake_gtest: 1.3.12 (/opt/ros/humble/share/ament_cmake_gtest/cmake)
-- Found launch_testing_ament_cmake: 1.0.10 (/opt/ros/humble/share/launch_testing_ament_cmake/cmake)
-- Found python_cmake_module: 0.10.0 (/opt/ros/humble/share/python_cmake_module/cmake)
-- Found PythonInterp: /usr/bin/python3 (found suitable version "3.10.12", minimum required is "3.6") 
-- Found PythonLibs: /usr/lib/x86_64-linux-gnu/libpython3.10.so (found suitable version "3.10.12", minimum required is "3.5") 
-- Using PYTHON_EXECUTABLE: /usr/bin/python3
-- Using PYTHON_INCLUDE_DIRS: /usr/include/python3.10
-- Using PYTHON_LIBRARIES: /usr/lib/x86_64-linux-gnu/libpython3.10.so
-- Found PythonExtra: .so  
-- Found gtest sources under '/opt/ros/humble/src/gtest_vendor': C++ tests using 'Google Test' will be built
-- Configuring done
-- Generating done
-- Build files have been written to: /home/tingjia/workspace/src/ws_moveit/build/moveit_task_constructor_capabilities
[ 12%] [32mBuilding CXX object CMakeFiles/moveit_task_constructor_capabilities.dir/src/execute_task_solution_capability.cpp.o[0m
[ 25%] [32m[1mLinking CXX shared library libmoveit_task_constructor_capabilities.so[0m
[ 25%] Built target moveit_task_constructor_capabilities
[ 37%] [32mBuilding CXX object gtest/CMakeFiles/gtest.dir/src/gtest-all.cc.o[0m
[ 50%] [32m[1mLinking CXX static library libgtest.a[0m
[ 50%] Built target gtest
[ 62%] [32mBuilding CXX object gtest/CMakeFiles/gtest_main.dir/src/gtest_main.cc.o[0m
[ 75%] [32m[1mLinking CXX static library libgtest_main.a[0m
[ 75%] Built target gtest_main
[ 87%] [32mBuilding CXX object test/CMakeFiles/test_execution.dir/test_task_execution.cpp.o[0m
[100%] [32m[1mLinking CXX executable test_execution[0m
[100%] Built target test_execution
-- Install configuration: "Release"
-- Installing: /home/tingjia/workspace/src/ws_moveit/install/moveit_task_constructor_capabilities/lib/libmoveit_task_constructor_capabilities.so
-- Set runtime path of "/home/tingjia/workspace/src/ws_moveit/install/moveit_task_constructor_capabilities/lib/libmoveit_task_constructor_capabilities.so" to ""
-- Installing: /home/tingjia/workspace/src/ws_moveit/install/moveit_task_constructor_capabilities/share/moveit_task_constructor_capabilities/capabilities_plugin_description.xml
-- Installing: /home/tingjia/workspace/src/ws_moveit/install/moveit_task_constructor_capabilities/share/ament_index/resource_index/package_run_dependencies/moveit_task_constructor_capabilities
-- Installing: /home/tingjia/workspace/src/ws_moveit/install/moveit_task_constructor_capabilities/share/ament_index/resource_index/parent_prefix_path/moveit_task_constructor_capabilities
-- Installing: /home/tingjia/workspace/src/ws_moveit/install/moveit_task_constructor_capabilities/share/moveit_task_constructor_capabilities/environment/ament_prefix_path.sh
-- Installing: /home/tingjia/workspace/src/ws_moveit/install/moveit_task_constructor_capabilities/share/moveit_task_constructor_capabilities/environment/ament_prefix_path.dsv
-- Installing: /home/tingjia/workspace/src/ws_moveit/install/moveit_task_constructor_capabilities/share/moveit_task_constructor_capabilities/environment/path.sh
-- Installing: /home/tingjia/workspace/src/ws_moveit/install/moveit_task_constructor_capabilities/share/moveit_task_constructor_capabilities/environment/path.dsv
-- Installing: /home/tingjia/workspace/src/ws_moveit/install/moveit_task_constructor_capabilities/share/moveit_task_constructor_capabilities/local_setup.bash
-- Installing: /home/tingjia/workspace/src/ws_moveit/install/moveit_task_constructor_capabilities/share/moveit_task_constructor_capabilities/local_setup.sh
-- Installing: /home/tingjia/workspace/src/ws_moveit/install/moveit_task_constructor_capabilities/share/moveit_task_constructor_capabilities/local_setup.zsh
-- Installing: /home/tingjia/workspace/src/ws_moveit/install/moveit_task_constructor_capabilities/share/moveit_task_constructor_capabilities/local_setup.dsv
-- Installing: /home/tingjia/workspace/src/ws_moveit/install/moveit_task_constructor_capabilities/share/moveit_task_constructor_capabilities/package.dsv
-- Installing: /home/tingjia/workspace/src/ws_moveit/install/moveit_task_constructor_capabilities/share/ament_index/resource_index/packages/moveit_task_constructor_capabilities
-- Installing: /home/tingjia/workspace/src/ws_moveit/install/moveit_task_constructor_capabilities/share/ament_index/resource_index/moveit_ros_move_group__pluginlib__plugin/moveit_task_constructor_capabilities
-- Installing: /home/tingjia/workspace/src/ws_moveit/install/moveit_task_constructor_capabilities/share/moveit_task_constructor_capabilities/cmake/ament_cmake_export_dependencies-extras.cmake
-- Installing: /home/tingjia/workspace/src/ws_moveit/install/moveit_task_constructor_capabilities/share/moveit_task_constructor_capabilities/cmake/moveit_task_constructor_capabilitiesConfig.cmake
-- Installing: /home/tingjia/workspace/src/ws_moveit/install/moveit_task_constructor_capabilities/share/moveit_task_constructor_capabilities/cmake/moveit_task_constructor_capabilitiesConfig-version.cmake
-- Installing: /home/tingjia/workspace/src/ws_moveit/install/moveit_task_constructor_capabilities/share/moveit_task_constructor_capabilities/package.xml
