[0.005s] Invoking command in '/home/tingjia/workspace/src/ws_moveit/build/srdfdom': CMAKE_PREFIX_PATH=${CMAKE_PREFIX_PATH}:/home/tingjia/workspace/src/ws_moveit/install/moveit_configs_utils:/home/tingjia/workspace/src/ws_moveit/install/launch_param_builder:/opt/ros/humble /usr/bin/cmake /home/tingjia/workspace/src/ws_moveit/src/srdfdom -DCMAKE_INSTALL_PREFIX=/home/tingjia/workspace/src/ws_moveit/install/srdfdom
[0.054s] -- The CXX compiler identification is GNU 11.4.0
[0.060s] -- Detecting CXX compiler ABI info
[0.118s] -- Detecting CXX compiler ABI info - done
[0.122s] -- Check for working CXX compiler: /usr/bin/c++ - skipped
[0.122s] -- Detecting CXX compile features
[0.123s] -- Detecting CXX compile features - done
[0.128s] -- Found Boost: /usr/lib/x86_64-linux-gnu/cmake/Boost-1.74.0/BoostConfig.cmake (found version "1.74.0")  
[0.134s] -- Found ament_cmake: 1.3.12 (/opt/ros/humble/share/ament_cmake/cmake)
[0.230s] -- Found Python3: /usr/bin/python3 (found version "3.10.12") found components: Interpreter 
[0.289s] -- Found urdf: 2.6.1 (/opt/ros/humble/share/urdf/cmake)
[0.315s] -- Found TinyXML2 via Config file: TinyXML2_DIR-NOTFOUND
[0.368s] -- Found ament_cmake_gtest: 1.3.12 (/opt/ros/humble/share/ament_cmake_gtest/cmake)
[0.370s] -- Found ament_cmake_pytest: 1.3.12 (/opt/ros/humble/share/ament_cmake_pytest/cmake)
[0.556s] -- Found gtest sources under '/opt/ros/humble/src/gtest_vendor': C++ tests using 'Google Test' will be built
[0.591s] -- The C compiler identification is GNU 11.4.0
[0.595s] -- Detecting C compiler ABI info
[0.728s] -- Detecting C compiler ABI info - done
[0.741s] -- Check for working C compiler: /usr/bin/cc - skipped
[0.742s] -- Detecting C compile features
[0.742s] -- Detecting C compile features - done
[0.744s] -- Looking for C++ include pthread.h
[0.843s] -- Looking for C++ include pthread.h - found
[0.843s] -- Performing Test CMAKE_HAVE_LIBC_PTHREAD
[0.932s] -- Performing Test CMAKE_HAVE_LIBC_PTHREAD - Success
[0.933s] -- Found Threads: TRUE  
[0.936s] -- Found ament_lint_auto: 0.12.14 (/opt/ros/humble/share/ament_lint_auto/cmake)
[0.944s] -- Configuring done
[0.951s] -- Generating done
[0.954s] -- Build files have been written to: /home/tingjia/workspace/src/ws_moveit/build/srdfdom
[0.957s] Invoked command in '/home/tingjia/workspace/src/ws_moveit/build/srdfdom' returned '0': CMAKE_PREFIX_PATH=${CMAKE_PREFIX_PATH}:/home/tingjia/workspace/src/ws_moveit/install/moveit_configs_utils:/home/tingjia/workspace/src/ws_moveit/install/launch_param_builder:/opt/ros/humble /usr/bin/cmake /home/tingjia/workspace/src/ws_moveit/src/srdfdom -DCMAKE_INSTALL_PREFIX=/home/tingjia/workspace/src/ws_moveit/install/srdfdom
[0.958s] Invoking command in '/home/tingjia/workspace/src/ws_moveit/build/srdfdom': CMAKE_PREFIX_PATH=${CMAKE_PREFIX_PATH}:/home/tingjia/workspace/src/ws_moveit/install/moveit_configs_utils:/home/tingjia/workspace/src/ws_moveit/install/launch_param_builder:/opt/ros/humble /usr/bin/cmake --build /home/tingjia/workspace/src/ws_moveit/build/srdfdom
[1.003s] [  9%] [32mBuilding CXX object CMakeFiles/srdfdom.dir/src/model.cpp.o[0m
[1.008s] [  9%] Built target ament_cmake_python_copy_srdfdom
[1.014s] [ 18%] [32mBuilding CXX object CMakeFiles/srdfdom.dir/src/srdf_writer.cpp.o[0m
[1.024s] [ 27%] [32mBuilding CXX object gtest/CMakeFiles/gtest.dir/src/gtest-all.cc.o[0m
[2.058s] [ 36%] [32m[1mLinking CXX shared library libsrdfdom.so[0m
[2.142s] [ 36%] Built target srdfdom
[2.767s] [ 45%] [32m[1mLinking CXX static library libgtest.a[0m
[2.812s] [ 45%] Built target gtest
[2.952s] running egg_info
[2.952s] creating srdfdom.egg-info
[2.952s] writing srdfdom.egg-info/PKG-INFO
[2.952s] writing dependency_links to srdfdom.egg-info/dependency_links.txt
[2.952s] writing top-level names to srdfdom.egg-info/top_level.txt
[2.952s] writing manifest file 'srdfdom.egg-info/SOURCES.txt'
[2.953s] reading manifest file 'srdfdom.egg-info/SOURCES.txt'
[2.954s] writing manifest file 'srdfdom.egg-info/SOURCES.txt'
[2.971s] [ 45%] Built target ament_cmake_python_build_srdfdom_egg
[2.992s] [ 54%] [32mBuilding CXX object gtest/CMakeFiles/gtest_main.dir/src/gtest_main.cc.o[0m
[3.452s] [ 63%] [32m[1mLinking CXX static library libgtest_main.a[0m
[3.492s] [ 63%] Built target gtest_main
[3.525s] [ 72%] [32mBuilding CXX object CMakeFiles/test_cpp_C.dir/test/test_parser.cpp.o[0m
[4.338s] [ 81%] [32m[1mLinking CXX executable test_cpp_C[0m
[4.427s] [ 81%] Built target test_cpp_C
[4.444s] [ 90%] [32mBuilding CXX object CMakeFiles/test_cpp_nl_NL.UTF-8.dir/test/test_parser.cpp.o[0m
[5.246s] [100%] [32m[1mLinking CXX executable test_cpp_nl_NL.UTF-8[0m
[5.345s] [100%] Built target test_cpp_nl_NL.UTF-8
[5.354s] Invoked command in '/home/tingjia/workspace/src/ws_moveit/build/srdfdom' returned '0': CMAKE_PREFIX_PATH=${CMAKE_PREFIX_PATH}:/home/tingjia/workspace/src/ws_moveit/install/moveit_configs_utils:/home/tingjia/workspace/src/ws_moveit/install/launch_param_builder:/opt/ros/humble /usr/bin/cmake --build /home/tingjia/workspace/src/ws_moveit/build/srdfdom
[5.355s] Invoking command in '/home/tingjia/workspace/src/ws_moveit/build/srdfdom': CMAKE_PREFIX_PATH=${CMAKE_PREFIX_PATH}:/home/tingjia/workspace/src/ws_moveit/install/moveit_configs_utils:/home/tingjia/workspace/src/ws_moveit/install/launch_param_builder:/opt/ros/humble /usr/bin/cmake --install /home/tingjia/workspace/src/ws_moveit/build/srdfdom
[5.359s] -- Install configuration: ""
[5.359s] -- Installing: /home/tingjia/workspace/src/ws_moveit/install/srdfdom/lib/libsrdfdom.so.2.0.8
[5.360s] -- Set runtime path of "/home/tingjia/workspace/src/ws_moveit/install/srdfdom/lib/libsrdfdom.so.2.0.8" to ""
[5.360s] -- Installing: /home/tingjia/workspace/src/ws_moveit/install/srdfdom/lib/libsrdfdom.so
[5.360s] -- Installing: /home/tingjia/workspace/src/ws_moveit/install/srdfdom/include/srdfdom
[5.360s] -- Installing: /home/tingjia/workspace/src/ws_moveit/install/srdfdom/include/srdfdom/srdfdom
[5.360s] -- Installing: /home/tingjia/workspace/src/ws_moveit/install/srdfdom/include/srdfdom/srdfdom/srdf_writer.h
[5.360s] -- Installing: /home/tingjia/workspace/src/ws_moveit/install/srdfdom/include/srdfdom/srdfdom/visibility_control.h
[5.360s] -- Installing: /home/tingjia/workspace/src/ws_moveit/install/srdfdom/include/srdfdom/srdfdom/model.h
[5.360s] -- Installing: /home/tingjia/workspace/src/ws_moveit/install/srdfdom/lib/srdfdom/display_srdf
[5.360s] -- Installing: /home/tingjia/workspace/src/ws_moveit/install/srdfdom/share/srdfdom/environment/pythonpath.sh
[5.360s] -- Installing: /home/tingjia/workspace/src/ws_moveit/install/srdfdom/share/srdfdom/environment/pythonpath.dsv
[5.360s] -- Installing: /home/tingjia/workspace/src/ws_moveit/install/srdfdom/local/lib/python3.10/dist-packages/srdfdom-2.0.8-py3.10.egg-info
[5.360s] -- Installing: /home/tingjia/workspace/src/ws_moveit/install/srdfdom/local/lib/python3.10/dist-packages/srdfdom-2.0.8-py3.10.egg-info/dependency_links.txt
[5.360s] -- Installing: /home/tingjia/workspace/src/ws_moveit/install/srdfdom/local/lib/python3.10/dist-packages/srdfdom-2.0.8-py3.10.egg-info/top_level.txt
[5.361s] -- Installing: /home/tingjia/workspace/src/ws_moveit/install/srdfdom/local/lib/python3.10/dist-packages/srdfdom-2.0.8-py3.10.egg-info/SOURCES.txt
[5.361s] -- Installing: /home/tingjia/workspace/src/ws_moveit/install/srdfdom/local/lib/python3.10/dist-packages/srdfdom-2.0.8-py3.10.egg-info/PKG-INFO
[5.361s] -- Installing: /home/tingjia/workspace/src/ws_moveit/install/srdfdom/local/lib/python3.10/dist-packages/srdfdom
[5.361s] -- Installing: /home/tingjia/workspace/src/ws_moveit/install/srdfdom/local/lib/python3.10/dist-packages/srdfdom/__init__.py
[5.361s] -- Installing: /home/tingjia/workspace/src/ws_moveit/install/srdfdom/local/lib/python3.10/dist-packages/srdfdom/srdf.py
[5.384s] Listing '/home/tingjia/workspace/src/ws_moveit/install/srdfdom/local/lib/python3.10/dist-packages/srdfdom'...
[5.384s] Compiling '/home/tingjia/workspace/src/ws_moveit/install/srdfdom/local/lib/python3.10/dist-packages/srdfdom/__init__.py'...
[5.384s] Compiling '/home/tingjia/workspace/src/ws_moveit/install/srdfdom/local/lib/python3.10/dist-packages/srdfdom/srdf.py'...
[5.386s] -- Installing: /home/tingjia/workspace/src/ws_moveit/install/srdfdom/share/srdfdom/environment/library_path.sh
[5.387s] -- Installing: /home/tingjia/workspace/src/ws_moveit/install/srdfdom/share/srdfdom/environment/library_path.dsv
[5.387s] -- Installing: /home/tingjia/workspace/src/ws_moveit/install/srdfdom/share/ament_index/resource_index/package_run_dependencies/srdfdom
[5.387s] -- Installing: /home/tingjia/workspace/src/ws_moveit/install/srdfdom/share/ament_index/resource_index/parent_prefix_path/srdfdom
[5.387s] -- Installing: /home/tingjia/workspace/src/ws_moveit/install/srdfdom/share/srdfdom/environment/ament_prefix_path.sh
[5.387s] -- Installing: /home/tingjia/workspace/src/ws_moveit/install/srdfdom/share/srdfdom/environment/ament_prefix_path.dsv
[5.387s] -- Installing: /home/tingjia/workspace/src/ws_moveit/install/srdfdom/share/srdfdom/environment/path.sh
[5.387s] -- Installing: /home/tingjia/workspace/src/ws_moveit/install/srdfdom/share/srdfdom/environment/path.dsv
[5.387s] -- Installing: /home/tingjia/workspace/src/ws_moveit/install/srdfdom/share/srdfdom/local_setup.bash
[5.387s] -- Installing: /home/tingjia/workspace/src/ws_moveit/install/srdfdom/share/srdfdom/local_setup.sh
[5.387s] -- Installing: /home/tingjia/workspace/src/ws_moveit/install/srdfdom/share/srdfdom/local_setup.zsh
[5.387s] -- Installing: /home/tingjia/workspace/src/ws_moveit/install/srdfdom/share/srdfdom/local_setup.dsv
[5.387s] -- Installing: /home/tingjia/workspace/src/ws_moveit/install/srdfdom/share/srdfdom/package.dsv
[5.387s] -- Installing: /home/tingjia/workspace/src/ws_moveit/install/srdfdom/share/ament_index/resource_index/packages/srdfdom
[5.387s] -- Installing: /home/tingjia/workspace/src/ws_moveit/install/srdfdom/share/srdfdom/cmake/srdfdomTargetsExport.cmake
[5.387s] -- Installing: /home/tingjia/workspace/src/ws_moveit/install/srdfdom/share/srdfdom/cmake/srdfdomTargetsExport-noconfig.cmake
[5.387s] -- Installing: /home/tingjia/workspace/src/ws_moveit/install/srdfdom/share/srdfdom/cmake/ament_cmake_export_targets-extras.cmake
[5.387s] -- Installing: /home/tingjia/workspace/src/ws_moveit/install/srdfdom/share/srdfdom/cmake/ament_cmake_export_dependencies-extras.cmake
[5.387s] -- Installing: /home/tingjia/workspace/src/ws_moveit/install/srdfdom/share/srdfdom/cmake/srdfdomConfig.cmake
[5.387s] -- Installing: /home/tingjia/workspace/src/ws_moveit/install/srdfdom/share/srdfdom/cmake/srdfdomConfig-version.cmake
[5.387s] -- Installing: /home/tingjia/workspace/src/ws_moveit/install/srdfdom/share/srdfdom/package.xml
[5.389s] Invoked command in '/home/tingjia/workspace/src/ws_moveit/build/srdfdom' returned '0': CMAKE_PREFIX_PATH=${CMAKE_PREFIX_PATH}:/home/tingjia/workspace/src/ws_moveit/install/moveit_configs_utils:/home/tingjia/workspace/src/ws_moveit/install/launch_param_builder:/opt/ros/humble /usr/bin/cmake --install /home/tingjia/workspace/src/ws_moveit/build/srdfdom
